Android/app/manifest-merger-release-report.txt
-- Merging decision tree log ---
manifest
ADDED from AndroidManifest.xml:2:1
	package
		ADDED from AndroidManifest.xml:3:11
	android:versionName
		ADDED from AndroidManifest.xml:5:11
	android:versionCode
		ADDED from AndroidManifest.xml:4:11
		INJECTED from AndroidManifest.xml:0:0
		INJECTED from AndroidManifest.xml:0:0
	xmlns:android
		ADDED from AndroidManifest.xml:2:11
uses-permission#android.permission.VIBRATE
ADDED from AndroidManifest.xml:7:5
	android:name
		ADDED from AndroidManifest.xml:7:22
uses-permission#android.permission.DISABLE_KEYGUARD
ADDED from AndroidManifest.xml:8:5
	android:name
		ADDED from AndroidManifest.xml:8:22
uses-permission#android.permission.WAKE_LOCK
ADDED from AndroidManifest.xml:9:5
	android:name
		ADDED from AndroidManifest.xml:9:22
uses-permission#android.permission.RECEIVE_BOOT_COMPLETED
ADDED from AndroidManifest.xml:10:5
	android:name
		ADDED from AndroidManifest.xml:10:22
uses-permission#android.permission.READ_PHONE_STATE
ADDED from AndroidManifest.xml:11:5
	android:name
		ADDED from AndroidManifest.xml:11:22
uses-permission#android.permission.WRITE_EXTERNAL_STORAGE
ADDED from AndroidManifest.xml:12:5
	android:name
		ADDED from AndroidManifest.xml:12:22
uses-permission#android.permission.READ_EXTERNAL_STORAGE
ADDED from AndroidManifest.xml:13:5
	android:name
		ADDED from AndroidManifest.xml:13:22
uses-permission#android.permission.INTERNET
ADDED from AndroidManifest.xml:14:5
	android:name
		ADDED from AndroidManifest.xml:14:22
uses-permission#android.permission.ACCESS_NETWORK_STATE
ADDED from AndroidManifest.xml:15:5
	android:name
		ADDED from AndroidManifest.xml:15:22
application
ADDED from AndroidManifest.xml:17:5
MERGED from com.android.support:support-v4:21.0.2:16:5
	android:label
		ADDED from AndroidManifest.xml:19:9
	android:icon
		ADDED from AndroidManifest.xml:20:9
	android:name
		ADDED from AndroidManifest.xml:18:9
activity#com.LogIn.App.MainActivity
ADDED from AndroidManifest.xml:22:9
	android:launchMode
		ADDED from AndroidManifest.xml:24:13
	android:name
		ADDED from AndroidManifest.xml:23:13
intent-filter#android.intent.action.MAIN+android.intent.category.DEFAULT+android.intent.category.LAUNCHER
ADDED from AndroidManifest.xml:25:13
action#android.intent.action.MAIN
ADDED from AndroidManifest.xml:26:17
	android:name
		ADDED from AndroidManifest.xml:26:25
category#android.intent.category.DEFAULT
ADDED from AndroidManifest.xml:27:17
	android:name
		ADDED from AndroidManifest.xml:27:27
category#android.intent.category.LAUNCHER
ADDED from AndroidManifest.xml:28:17
	android:name
		ADDED from AndroidManifest.xml:28:27
activity#com.LogIn.App.MainActivityLaunchByNotification
ADDED from AndroidManifest.xml:32:9
	android:name
		ADDED from AndroidManifest.xml:33:13
activity#com.LogIn.App.Setting
ADDED from AndroidManifest.xml:37:9
	android:label
		ADDED from AndroidManifest.xml:39:13
	android:parentActivityName
		ADDED from AndroidManifest.xml:40:13
	android:name
		ADDED from AndroidManifest.xml:38:13
meta-data#android.support.PARENT_ACTIVITY
ADDED from AndroidManifest.xml:42:13
	android:value
		ADDED from AndroidManifest.xml:44:17
	android:name
		ADDED from AndroidManifest.xml:43:17
activity#com.LogIn.Visualization.Visualization
ADDED from AndroidManifest.xml:47:9
	android:label
		ADDED from AndroidManifest.xml:50:13
	android:launchMode
		ADDED from AndroidManifest.xml:49:13
	android:name
		ADDED from AndroidManifest.xml:48:13
intent-filter#android.intent.action.MAIN+android.intent.category.LAUNCHER
ADDED from AndroidManifest.xml:51:13
activity#com.LogIn.Lockscreen.LockscreenSleepiness
ADDED from AndroidManifest.xml:57:9
	android:screenOrientation
		ADDED from AndroidManifest.xml:61:13
	android:launchMode
		ADDED from AndroidManifest.xml:59:13
	android:theme
		ADDED from AndroidManifest.xml:60:13
	android:name
		ADDED from AndroidManifest.xml:58:13
activity#com.LogIn.Lockscreen.LockscreenDepression
ADDED from AndroidManifest.xml:64:9
	android:screenOrientation
		ADDED from AndroidManifest.xml:68:13
	android:launchMode
		ADDED from AndroidManifest.xml:66:13
	android:theme
		ADDED from AndroidManifest.xml:67:13
	android:name
		ADDED from AndroidManifest.xml:65:13
activity#com.LogIn.Lockscreen.LockscreenMood
ADDED from AndroidManifest.xml:71:9
	android:screenOrientation
		ADDED from AndroidManifest.xml:75:13
	android:launchMode
		ADDED from AndroidManifest.xml:73:13
	android:theme
		ADDED from AndroidManifest.xml:74:13
	android:name
		ADDED from AndroidManifest.xml:72:13
activity#com.LogIn.Misc.RateAlert
ADDED from AndroidManifest.xml:78:9
	android:name
		ADDED from AndroidManifest.xml:79:13
service#com.LogIn.Lockscreen.LockscreenService
ADDED from AndroidManifest.xml:82:9
	android:name
		ADDED from AndroidManifest.xml:82:18
receiver#com.LogIn.Receiver.LockScreenReceiver
ADDED from AndroidManifest.xml:85:9
	android:enabled
		ADDED from AndroidManifest.xml:86:13
	android:name
		ADDED from AndroidManifest.xml:87:13
intent-filter#android.intent.action.BOOT_COMPLETED
ADDED from AndroidManifest.xml:88:13
action#android.intent.action.BOOT_COMPLETED
ADDED from AndroidManifest.xml:89:17
	android:name
		ADDED from AndroidManifest.xml:89:25
receiver#com.LogIn.Receiver.AlarmReceiverRating
ADDED from AndroidManifest.xml:93:9
	android:name
		ADDED from AndroidManifest.xml:93:19
receiver#com.LogIn.Receiver.AlarmReceiverNotification
ADDED from AndroidManifest.xml:94:9
	android:name
		ADDED from AndroidManifest.xml:94:19
uses-sdk
INJECTED from AndroidManifest.xml:0:0 reason: use-sdk injection requested
MERGED from LogIn:GlowPadBackport:unspecified:5:5
MERGED from com.android.support:support-v4:21.0.2:15:5
	android:targetSdkVersion
		INJECTED from AndroidManifest.xml:0:0
		INJECTED from AndroidManifest.xml:0:0
	android:minSdkVersion
		INJECTED from AndroidManifest.xml:0:0
		INJECTED from AndroidManifest.xml:0:0